<?xml version="1.0" encoding="UTF-8"?>
<!-- Generated by org.testng.reporters.JUnitReportReporter -->
<testsuite skipped="0" hostname="User-PC" name="com.RestAssured.xmlpractices.BasciesOfXml" tests="1" failures="0" timestamp="14 May 2019 17:03:45 GMT" time="2.720" errors="0">
  <testcase name="postRequestXml" time="2.720" classname="com.RestAssured.xmlpractices.BasciesOfXml"/>
</testsuite> <!-- com.RestAssured.xmlpractices.BasciesOfXml -->
