<?xml version="1.0" encoding="UTF-8"?>
<!-- Generated by org.testng.reporters.JUnitReportReporter -->
<testsuite skipped="0" hostname="User-PC" name="com.RestAssured.xmlpractices.BasciesOfXml" tests="1" failures="0" timestamp="06 May 2019 19:07:40 GMT" time="1.962" errors="0">
  <testcase name="postRequestXml" time="1.962" classname="com.RestAssured.xmlpractices.BasciesOfXml"/>
</testsuite> <!-- com.RestAssured.xmlpractices.BasciesOfXml -->
