<?xml version="1.0" encoding="UTF-8"?>
<!-- Generated by org.testng.reporters.JUnitReportReporter -->
<testsuite skipped="0" hostname="User-PC" name="com.RestAssured.DynamicJson.LibraryAPI" tests="1" failures="0" timestamp="13 May 2019 18:13:24 GMT" time="2.359" errors="0">
  <testcase name="addBook" time="2.359" classname="com.RestAssured.DynamicJson.LibraryAPI"/>
</testsuite> <!-- com.RestAssured.DynamicJson.LibraryAPI -->
