<?xml version="1.0" encoding="UTF-8"?>
<!-- Generated by org.testng.reporters.JUnitReportReporter -->
<testsuite skipped="0" hostname="User-PC" name="com.RestAssured.DynamicJson.DataProviderDynamicJson" tests="3" failures="0" timestamp="13 May 2019 20:17:14 GMT" time="3.918" errors="0">
  <testcase name="parameterizationJson" time="0.690" classname="com.RestAssured.DynamicJson.DataProviderDynamicJson"/>
  <testcase name="parameterizationJson" time="0.741" classname="com.RestAssured.DynamicJson.DataProviderDynamicJson"/>
  <testcase name="parameterizationJson" time="2.487" classname="com.RestAssured.DynamicJson.DataProviderDynamicJson"/>
</testsuite> <!-- com.RestAssured.DynamicJson.DataProviderDynamicJson -->
