<?xml version="1.0" encoding="UTF-8"?>
<!-- Generated by org.testng.reporters.JUnitReportReporter -->
<testsuite skipped="0" hostname="User-PC" name="com.RestAssured.StaticJson.StaticJson" tests="1" failures="0" timestamp="14 May 2019 17:05:31 GMT" time="2.619" errors="0">
  <testcase name="staticJsonPayload" time="2.619" classname="com.RestAssured.StaticJson.StaticJson"/>
</testsuite> <!-- com.RestAssured.StaticJson.StaticJson -->
