<?xml version="1.0" encoding="UTF-8"?>
<!-- Generated by org.testng.reporters.JUnitReportReporter -->
<testsuite skipped="0" hostname="User-PC" name="com.RestAssured.goodpractise.PostRequest" tests="1" failures="0" timestamp="05 May 2019 03:07:13 GMT" time="2.286" errors="0">
  <testcase name="validation" time="2.286" classname="com.RestAssured.goodpractise.PostRequest"/>
</testsuite> <!-- com.RestAssured.goodpractise.PostRequest -->
