<?xml version="1.0" encoding="UTF-8"?>
<!-- Generated by org.testng.reporters.JUnitReportReporter -->
<testsuite skipped="0" hostname="User-PC" name="com.RestAssured.goodpractise.PostRequestDelete" tests="1" failures="0" timestamp="06 May 2019 17:47:15 GMT" time="3.058" errors="0">
  <testcase name="addedAndDelete" time="3.058" classname="com.RestAssured.goodpractise.PostRequestDelete"/>
</testsuite> <!-- com.RestAssured.goodpractise.PostRequestDelete -->
