<?xml version="1.0" encoding="UTF-8"?>
<!-- Generated by org.testng.reporters.JUnitReportReporter -->
<testsuite skipped="0" hostname="User-PC" name="com.RestAssured.DynamicJson.DynamicJson" tests="1" failures="0" timestamp="13 May 2019 18:57:41 GMT" time="2.916" errors="0">
  <testcase name="addBook" time="2.916" classname="com.RestAssured.DynamicJson.DynamicJson"/>
</testsuite> <!-- com.RestAssured.DynamicJson.DynamicJson -->
